<?xml version="1.0" encoding="UTF-8"?>
<testsuite xmlns:xsi="http://www.w3.org/2001/XMLSchema-instance" xsi:noNamespaceSchemaLocation="https://maven.apache.org/surefire/maven-surefire-plugin/xsd/surefire-test-report-3.0.xsd" version="3.0" name="com.iis.mh16015.demo_mh16015.AppTest" time="0.034" tests="1" errors="0" skipped="0" failures="0">
  <properties>
    <property name="java.specification.version" value="21"/>
    <property name="sun.cpu.isalist" value="amd64"/>
    <property name="sun.jnu.encoding" value="Cp1252"/>
    <property name="java.class.path" value="C:\Users\guill\eclipse-workspace\Maven\demo-mh16015\target\test-classes;C:\Users\guill\eclipse-workspace\Maven\demo-mh16015\target\classes;C:\Users\guill\.m2\repository\org\junit\jupiter\junit-jupiter-api\5.11.0\junit-jupiter-api-5.11.0.jar;C:\Users\guill\.m2\repository\org\opentest4j\opentest4j\1.3.0\opentest4j-1.3.0.jar;C:\Users\guill\.m2\repository\org\junit\platform\junit-platform-commons\1.11.0\junit-platform-commons-1.11.0.jar;C:\Users\guill\.m2\repository\org\apiguardian\apiguardian-api\1.1.2\apiguardian-api-1.1.2.jar;C:\Users\guill\.m2\repository\org\junit\jupiter\junit-jupiter-params\5.11.0\junit-jupiter-params-5.11.0.jar;"/>
    <property name="java.vm.vendor" value="Eclipse Adoptium"/>
    <property name="sun.arch.data.model" value="64"/>
    <property name="user.variant" value=""/>
    <property name="java.vendor.url" value="https://adoptium.net/"/>
    <property name="user.timezone" value="America/El_Salvador"/>
    <property name="os.name" value="Windows 11"/>
    <property name="java.vm.specification.version" value="21"/>
    <property name="sun.java.launcher" value="SUN_STANDARD"/>
    <property name="user.country" value="SV"/>
    <property name="sun.boot.library.path" value="C:\Users\guill\eclipse\plugins\org.eclipse.justj.openjdk.hotspot.jre.full.win32.x86_64_21.0.6.v20250130-0529\jre\bin"/>
    <property name="sun.java.command" value="C:\Users\guill\AppData\Local\Temp\surefire9330734236871087585\surefirebooter-20250511000736853_3.jar C:\Users\guill\AppData\Local\Temp\surefire9330734236871087585 2025-05-11T00-07-36_729-jvmRun1 surefire-20250511000736853_1tmp surefire_0-20250511000736853_2tmp"/>
    <property name="jdk.debug" value="release"/>
    <property name="surefire.test.class.path" value="C:\Users\guill\eclipse-workspace\Maven\demo-mh16015\target\test-classes;C:\Users\guill\eclipse-workspace\Maven\demo-mh16015\target\classes;C:\Users\guill\.m2\repository\org\junit\jupiter\junit-jupiter-api\5.11.0\junit-jupiter-api-5.11.0.jar;C:\Users\guill\.m2\repository\org\opentest4j\opentest4j\1.3.0\opentest4j-1.3.0.jar;C:\Users\guill\.m2\repository\org\junit\platform\junit-platform-commons\1.11.0\junit-platform-commons-1.11.0.jar;C:\Users\guill\.m2\repository\org\apiguardian\apiguardian-api\1.1.2\apiguardian-api-1.1.2.jar;C:\Users\guill\.m2\repository\org\junit\jupiter\junit-jupiter-params\5.11.0\junit-jupiter-params-5.11.0.jar;"/>
    <property name="sun.cpu.endian" value="little"/>
    <property name="user.home" value="C:\Users\guill"/>
    <property name="user.language" value="es"/>
    <property name="java.specification.vendor" value="Oracle Corporation"/>
    <property name="java.version.date" value="2025-01-21"/>
    <property name="java.home" value="C:\Users\guill\eclipse\plugins\org.eclipse.justj.openjdk.hotspot.jre.full.win32.x86_64_21.0.6.v20250130-0529\jre"/>
    <property name="file.separator" value="\"/>
    <property name="basedir" value="C:\Users\guill\eclipse-workspace\Maven\demo-mh16015"/>
    <property name="style.color" value="always"/>
    <property name="java.vm.compressedOopsMode" value="Zero based"/>
    <property name="line.separator" value="&#10;"/>
    <property name="java.vm.specification.vendor" value="Oracle Corporation"/>
    <property name="java.specification.name" value="Java Platform API Specification"/>
    <property name="surefire.real.class.path" value="C:\Users\guill\AppData\Local\Temp\surefire9330734236871087585\surefirebooter-20250511000736853_3.jar"/>
    <property name="user.script" value=""/>
    <property name="sun.management.compiler" value="HotSpot 64-Bit Tiered Compilers"/>
    <property name="java.runtime.version" value="21.0.6+7-LTS"/>
    <property name="user.name" value="guill"/>
    <property name="stdout.encoding" value="Cp1252"/>
    <property name="path.separator" value=";"/>
    <property name="os.version" value="10.0"/>
    <property name="java.runtime.name" value="OpenJDK Runtime Environment"/>
    <property name="file.encoding" value="UTF-8"/>
    <property name="java.vm.name" value="OpenJDK 64-Bit Server VM"/>
    <property name="java.vendor.version" value="Temurin-21.0.6+7"/>
    <property name="localRepository" value="C:\Users\guill\.m2\repository"/>
    <property name="java.vendor.url.bug" value="https://github.com/adoptium/adoptium-support/issues"/>
    <property name="java.io.tmpdir" value="C:\Users\guill\AppData\Local\Temp\"/>
    <property name="java.version" value="21.0.6"/>
    <property name="user.dir" value="C:\Users\guill\eclipse-workspace\Maven\demo-mh16015"/>
    <property name="os.arch" value="amd64"/>
    <property name="java.vm.specification.name" value="Java Virtual Machine Specification"/>
    <property name="sun.os.patch.level" value=""/>
    <property name="native.encoding" value="Cp1252"/>
    <property name="java.library.path" value="C:\Users\guill\eclipse\plugins\org.eclipse.justj.openjdk.hotspot.jre.full.win32.x86_64_21.0.6.v20250130-0529\jre\bin;C:\WINDOWS\Sun\Java\bin;C:\WINDOWS\system32;C:\WINDOWS;C:/Users/guill/eclipse//plugins/org.eclipse.justj.openjdk.hotspot.jre.full.win32.x86_64_21.0.6.v20250130-0529/jre/bin/server;C:/Users/guill/eclipse//plugins/org.eclipse.justj.openjdk.hotspot.jre.full.win32.x86_64_21.0.6.v20250130-0529/jre/bin;C:\Program Files\Java\jdk-24\bin\;C:\Users\guill\AppData\Local\Microsoft\WindowsApps;C:\Users\guill\AppData\Local\Programs\Microsoft VS Code\bin;C:\ghcup\bin;C:\Users\guill\eclipse;;."/>
    <property name="java.vm.info" value="mixed mode, sharing"/>
    <property name="stderr.encoding" value="Cp1252"/>
    <property name="java.vendor" value="Eclipse Adoptium"/>
    <property name="java.vm.version" value="21.0.6+7-LTS"/>
    <property name="sun.io.unicode.encoding" value="UnicodeLittle"/>
    <property name="java.class.version" value="65.0"/>
  </properties>
  <testcase name="testHello" classname="com.iis.mh16015.demo_mh16015.AppTest" time="0.016"/>
</testsuite>